<?xml version="1.0" encoding="UTF-8"?>
<testng-results ignored="0" total="1" passed="1" failed="0" skipped="0">
  <reporter-output>
  </reporter-output>
  <suite started-at="2023-01-09T16:22:16 IST" name="Default suite" finished-at="2023-01-09T16:22:20 IST" duration-ms="4455">
    <groups>
    </groups>
    <test started-at="2023-01-09T16:22:16 IST" name="Default test" finished-at="2023-01-09T16:22:20 IST" duration-ms="4455">
      <class name="Practice.ReadDataFromExcel">
        <test-method signature="readDataFromExcel()[pri:0, instance:Practice.ReadDataFromExcel@50b5ac82]" started-at="2023-01-09T16:22:16 IST" name="readDataFromExcel" finished-at="2023-01-09T16:22:20 IST" duration-ms="4422" status="PASS">
          <reporter-output>
          </reporter-output>
        </test-method> <!-- readDataFromExcel -->
      </class> <!-- Practice.ReadDataFromExcel -->
    </test> <!-- Default test -->
  </suite> <!-- Default suite -->
</testng-results>
