<?xml version="1.0" encoding="UTF-8"?>
<testng-results ignored="0" total="1" passed="1" failed="0" skipped="0">
  <reporter-output>
  </reporter-output>
  <suite started-at="2023-01-07T23:59:16 IST" name="Default suite" finished-at="2023-01-07T23:59:36 IST" duration-ms="20104">
    <groups>
    </groups>
    <test started-at="2023-01-07T23:59:16 IST" name="Default test" finished-at="2023-01-07T23:59:36 IST" duration-ms="20104">
      <class name="Practice.TakesScreenShotProgram">
        <test-method signature="takesScreenShot()[pri:0, instance:Practice.TakesScreenShotProgram@212b5695]" started-at="2023-01-07T23:59:16 IST" name="takesScreenShot" finished-at="2023-01-07T23:59:36 IST" duration-ms="20067" status="PASS">
          <reporter-output>
          </reporter-output>
        </test-method> <!-- takesScreenShot -->
      </class> <!-- Practice.TakesScreenShotProgram -->
    </test> <!-- Default test -->
  </suite> <!-- Default suite -->
</testng-results>
